/*C205*/SET SCHEMA PUBLIC
CONNECT USER SA
/*C206*/SET SCHEMA PUBLIC
CONNECT USER SA
DISCONNECT
/*C207*/SET SCHEMA PUBLIC
CONNECT USER SA
DISCONNECT
/*C205*/DISCONNECT
/*C208*/SET SCHEMA PUBLIC
CONNECT USER SA
DISCONNECT
/*C209*/SET SCHEMA PUBLIC
CONNECT USER SA
/*C210*/SET SCHEMA PUBLIC
CONNECT USER SA
DISCONNECT
/*C211*/SET SCHEMA PUBLIC
CONNECT USER SA
DISCONNECT
/*C209*/DISCONNECT
/*C212*/SET SCHEMA PUBLIC
CONNECT USER SA
DISCONNECT
/*C213*/SET SCHEMA PUBLIC
CONNECT USER SA
/*C214*/SET SCHEMA PUBLIC
CONNECT USER SA
DISCONNECT
/*C215*/SET SCHEMA PUBLIC
CONNECT USER SA
DISCONNECT
/*C213*/DISCONNECT
/*C216*/SET SCHEMA PUBLIC
CONNECT USER SA
DISCONNECT
/*C217*/SET SCHEMA PUBLIC
CONNECT USER SA
DISCONNECT
/*C218*/SET SCHEMA PUBLIC
CONNECT USER SA
/*C219*/SET SCHEMA PUBLIC
CONNECT USER SA
/*C220*/SET SCHEMA PUBLIC
CONNECT USER SA
DISCONNECT
/*C219*/DISCONNECT
/*C218*/DISCONNECT
/*C221*/SET SCHEMA PUBLIC
CONNECT USER SA
/*C222*/SET SCHEMA PUBLIC
CONNECT USER SA
/*C223*/SET SCHEMA PUBLIC
CONNECT USER SA
DISCONNECT
/*C222*/DISCONNECT
/*C224*/SET SCHEMA PUBLIC
CONNECT USER SA
/*C225*/SET SCHEMA PUBLIC
CONNECT USER SA
DISCONNECT
/*C224*/DISCONNECT
/*C221*/DISCONNECT
/*C226*/SET SCHEMA PUBLIC
CONNECT USER SA
/*C227*/SET SCHEMA PUBLIC
CONNECT USER SA
DISCONNECT
/*C228*/SET SCHEMA PUBLIC
CONNECT USER SA
DISCONNECT
/*C226*/DISCONNECT
/*C229*/SET SCHEMA PUBLIC
CONNECT USER SA
DISCONNECT
/*C230*/SET SCHEMA PUBLIC
CONNECT USER SA
DISCONNECT
/*C231*/SET SCHEMA PUBLIC
CONNECT USER SA
/*C232*/SET SCHEMA PUBLIC
CONNECT USER SA
DISCONNECT
/*C233*/SET SCHEMA PUBLIC
CONNECT USER SA
DISCONNECT
/*C231*/DISCONNECT
/*C234*/SET SCHEMA PUBLIC
CONNECT USER SA
DISCONNECT
/*C235*/SET SCHEMA PUBLIC
CONNECT USER SA
/*C236*/SET SCHEMA PUBLIC
CONNECT USER SA
DISCONNECT
/*C237*/SET SCHEMA PUBLIC
CONNECT USER SA
DISCONNECT
/*C235*/DISCONNECT
/*C238*/SET SCHEMA PUBLIC
CONNECT USER SA
DISCONNECT
/*C239*/SET SCHEMA PUBLIC
CONNECT USER SA
/*C240*/SET SCHEMA PUBLIC
CONNECT USER SA
DISCONNECT
/*C241*/SET SCHEMA PUBLIC
CONNECT USER SA
DISCONNECT
/*C239*/DISCONNECT
/*C242*/SET SCHEMA PUBLIC
CONNECT USER SA
DISCONNECT
/*C243*/SET SCHEMA PUBLIC
CONNECT USER SA
/*C244*/SET SCHEMA PUBLIC
CONNECT USER SA
/*C245*/SET SCHEMA PUBLIC
CONNECT USER SA
DISCONNECT
/*C244*/DISCONNECT
/*C243*/DISCONNECT
/*C246*/SET SCHEMA PUBLIC
CONNECT USER SA
/*C247*/SET SCHEMA PUBLIC
CONNECT USER SA
DISCONNECT
/*C246*/DISCONNECT
/*C248*/SET SCHEMA PUBLIC
CONNECT USER SA
/*C249*/SET SCHEMA PUBLIC
CONNECT USER SA
DISCONNECT
/*C248*/DISCONNECT
/*C250*/SET SCHEMA PUBLIC
CONNECT USER SA
/*C251*/SET SCHEMA PUBLIC
CONNECT USER SA
DISCONNECT
/*C250*/DISCONNECT
/*C252*/SET SCHEMA PUBLIC
CONNECT USER SA
DISCONNECT
/*C253*/SET SCHEMA PUBLIC
CONNECT USER SA
/*C254*/SET SCHEMA PUBLIC
CONNECT USER SA
DISCONNECT
/*C255*/SET SCHEMA PUBLIC
CONNECT USER SA
DISCONNECT
/*C253*/DISCONNECT
/*C256*/SET SCHEMA PUBLIC
CONNECT USER SA
DISCONNECT
/*C257*/SET SCHEMA PUBLIC
CONNECT USER SA
/*C258*/SET SCHEMA PUBLIC
CONNECT USER SA
/*C259*/SET SCHEMA PUBLIC
CONNECT USER SA
DISCONNECT
/*C258*/DISCONNECT
/*C257*/DISCONNECT
/*C260*/SET SCHEMA PUBLIC
CONNECT USER SA
/*C261*/SET SCHEMA PUBLIC
CONNECT USER SA
DISCONNECT
/*C260*/DISCONNECT
/*C262*/SET SCHEMA PUBLIC
CONNECT USER SA
DISCONNECT
/*C263*/SET SCHEMA PUBLIC
CONNECT USER SA
DISCONNECT
/*C264*/SET SCHEMA PUBLIC
CONNECT USER SA
DISCONNECT
/*C265*/SET SCHEMA PUBLIC
CONNECT USER SA
DISCONNECT
/*C266*/SET SCHEMA PUBLIC
CONNECT USER SA
DISCONNECT
/*C267*/SET SCHEMA PUBLIC
CONNECT USER SA
DISCONNECT
/*C268*/SET SCHEMA PUBLIC
CONNECT USER SA
DISCONNECT
/*C269*/SET SCHEMA PUBLIC
CONNECT USER SA
/*C270*/SET SCHEMA PUBLIC
CONNECT USER SA
DISCONNECT
/*C271*/SET SCHEMA PUBLIC
CONNECT USER SA
DISCONNECT
/*C269*/DISCONNECT
/*C272*/SET SCHEMA PUBLIC
CONNECT USER SA
DISCONNECT
/*C273*/SET SCHEMA PUBLIC
CONNECT USER SA
DISCONNECT
/*C274*/SET SCHEMA PUBLIC
CONNECT USER SA
DISCONNECT
/*C275*/SET SCHEMA PUBLIC
CONNECT USER SA
DISCONNECT
/*C276*/SET SCHEMA PUBLIC
CONNECT USER SA
DISCONNECT
/*C277*/SET SCHEMA PUBLIC
CONNECT USER SA
DISCONNECT
/*C278*/SET SCHEMA PUBLIC
CONNECT USER SA
DISCONNECT
/*C279*/SET SCHEMA PUBLIC
CONNECT USER SA
DISCONNECT
/*C280*/SET SCHEMA PUBLIC
CONNECT USER SA
DISCONNECT
/*C281*/SET SCHEMA PUBLIC
CONNECT USER SA
DISCONNECT
/*C282*/SET SCHEMA PUBLIC
CONNECT USER SA
DISCONNECT
/*C283*/SET SCHEMA PUBLIC
CONNECT USER SA
DISCONNECT
/*C284*/SET SCHEMA PUBLIC
CONNECT USER SA
DISCONNECT
/*C285*/SET SCHEMA PUBLIC
CONNECT USER SA
DISCONNECT
/*C286*/SET SCHEMA PUBLIC
CONNECT USER SA
DISCONNECT
/*C287*/SET SCHEMA PUBLIC
CONNECT USER SA
DISCONNECT
/*C288*/SET SCHEMA PUBLIC
CONNECT USER SA
DISCONNECT
/*C289*/SET SCHEMA PUBLIC
CONNECT USER SA
DISCONNECT
/*C290*/SET SCHEMA PUBLIC
CONNECT USER SA
DISCONNECT
/*C291*/SET SCHEMA PUBLIC
CONNECT USER SA
DISCONNECT
/*C292*/SET SCHEMA PUBLIC
CONNECT USER SA
DISCONNECT
/*C293*/SET SCHEMA PUBLIC
CONNECT USER SA
DISCONNECT
/*C294*/SET SCHEMA PUBLIC
CONNECT USER SA
DISCONNECT
/*C295*/SET SCHEMA PUBLIC
CONNECT USER SA
DISCONNECT
/*C296*/SET SCHEMA PUBLIC
CONNECT USER SA
DISCONNECT
/*C297*/SET SCHEMA PUBLIC
CONNECT USER SA
DISCONNECT
/*C298*/SET SCHEMA PUBLIC
CONNECT USER SA
DISCONNECT
/*C299*/SET SCHEMA PUBLIC
CONNECT USER SA
DISCONNECT
/*C300*/SET SCHEMA PUBLIC
CONNECT USER SA
DISCONNECT
/*C301*/SET SCHEMA PUBLIC
CONNECT USER SA
DISCONNECT
/*C302*/SET SCHEMA PUBLIC
CONNECT USER SA
/*C303*/SET SCHEMA PUBLIC
CONNECT USER SA
/*C304*/SET SCHEMA PUBLIC
CONNECT USER SA
DISCONNECT
/*C303*/DISCONNECT
/*C302*/DISCONNECT
/*C305*/SET SCHEMA PUBLIC
CONNECT USER SA
/*C306*/SET SCHEMA PUBLIC
CONNECT USER SA
/*C307*/SET SCHEMA PUBLIC
CONNECT USER SA
DISCONNECT
/*C306*/DISCONNECT
/*C305*/DISCONNECT
/*C308*/SET SCHEMA PUBLIC
CONNECT USER SA
/*C309*/SET SCHEMA PUBLIC
CONNECT USER SA
/*C310*/SET SCHEMA PUBLIC
CONNECT USER SA
DISCONNECT
/*C309*/DISCONNECT
/*C308*/DISCONNECT
/*C311*/SET SCHEMA PUBLIC
CONNECT USER SA
DISCONNECT
/*C312*/SET SCHEMA PUBLIC
CONNECT USER SA
DISCONNECT
/*C313*/SET SCHEMA PUBLIC
CONNECT USER SA
DISCONNECT
/*C314*/SET SCHEMA PUBLIC
CONNECT USER SA
DISCONNECT
/*C315*/SET SCHEMA PUBLIC
CONNECT USER SA
DISCONNECT
/*C316*/SET SCHEMA PUBLIC
CONNECT USER SA
DISCONNECT
/*C317*/SET SCHEMA PUBLIC
CONNECT USER SA
DISCONNECT
/*C318*/SET SCHEMA PUBLIC
CONNECT USER SA
DISCONNECT
/*C319*/SET SCHEMA PUBLIC
CONNECT USER SA
DISCONNECT
/*C320*/SET SCHEMA PUBLIC
CONNECT USER SA
DISCONNECT
/*C321*/SET SCHEMA PUBLIC
CONNECT USER SA
DISCONNECT
/*C322*/SET SCHEMA PUBLIC
CONNECT USER SA
/*C323*/SET SCHEMA PUBLIC
CONNECT USER SA
/*C324*/SET SCHEMA PUBLIC
CONNECT USER SA
DISCONNECT
/*C323*/DISCONNECT
/*C322*/DISCONNECT
/*C325*/SET SCHEMA PUBLIC
CONNECT USER SA
DISCONNECT
/*C326*/SET SCHEMA PUBLIC
CONNECT USER SA
/*C327*/SET SCHEMA PUBLIC
CONNECT USER SA
/*C328*/SET SCHEMA PUBLIC
CONNECT USER SA
DISCONNECT
/*C327*/DISCONNECT
/*C326*/DISCONNECT
/*C329*/SET SCHEMA PUBLIC
CONNECT USER SA
/*C330*/SET SCHEMA PUBLIC
CONNECT USER SA
/*C331*/SET SCHEMA PUBLIC
CONNECT USER SA
DISCONNECT
/*C330*/DISCONNECT
/*C332*/SET SCHEMA PUBLIC
CONNECT USER SA
/*C333*/SET SCHEMA PUBLIC
CONNECT USER SA
DISCONNECT
/*C332*/DISCONNECT
/*C329*/DISCONNECT
/*C334*/SET SCHEMA PUBLIC
CONNECT USER SA
/*C335*/SET SCHEMA PUBLIC
CONNECT USER SA
/*C336*/SET SCHEMA PUBLIC
CONNECT USER SA
DISCONNECT
/*C335*/DISCONNECT
/*C337*/SET SCHEMA PUBLIC
CONNECT USER SA
/*C338*/SET SCHEMA PUBLIC
CONNECT USER SA
DISCONNECT
/*C337*/DISCONNECT
/*C334*/DISCONNECT
/*C339*/SET SCHEMA PUBLIC
CONNECT USER SA
DISCONNECT
/*C340*/SET SCHEMA PUBLIC
CONNECT USER SA
DISCONNECT
/*C341*/SET SCHEMA PUBLIC
CONNECT USER SA
DISCONNECT
/*C342*/SET SCHEMA PUBLIC
CONNECT USER SA
DISCONNECT
/*C343*/SET SCHEMA PUBLIC
CONNECT USER SA
DISCONNECT
/*C344*/SET SCHEMA PUBLIC
CONNECT USER SA
DISCONNECT
/*C345*/SET SCHEMA PUBLIC
CONNECT USER SA
DISCONNECT
/*C346*/SET SCHEMA PUBLIC
CONNECT USER SA
DISCONNECT
/*C347*/SET SCHEMA PUBLIC
CONNECT USER SA
DISCONNECT
/*C348*/SET SCHEMA PUBLIC
CONNECT USER SA
/*C349*/SET SCHEMA PUBLIC
CONNECT USER SA
/*C350*/SET SCHEMA PUBLIC
CONNECT USER SA
DISCONNECT
/*C349*/DISCONNECT
/*C348*/DISCONNECT
/*C351*/SET SCHEMA PUBLIC
CONNECT USER SA
DISCONNECT
/*C352*/SET SCHEMA PUBLIC
CONNECT USER SA
DISCONNECT
/*C353*/SET SCHEMA PUBLIC
CONNECT USER SA
/*C354*/SET SCHEMA PUBLIC
CONNECT USER SA
/*C355*/SET SCHEMA PUBLIC
CONNECT USER SA
DISCONNECT
/*C354*/DISCONNECT
/*C353*/DISCONNECT
/*C356*/SET SCHEMA PUBLIC
CONNECT USER SA
/*C357*/SET SCHEMA PUBLIC
CONNECT USER SA
/*C358*/SET SCHEMA PUBLIC
CONNECT USER SA
DISCONNECT
/*C357*/DISCONNECT
/*C356*/DISCONNECT
/*C359*/SET SCHEMA PUBLIC
CONNECT USER SA
DISCONNECT
/*C360*/SET SCHEMA PUBLIC
CONNECT USER SA
DISCONNECT
/*C361*/SET SCHEMA PUBLIC
CONNECT USER SA
DISCONNECT
/*C362*/SET SCHEMA PUBLIC
CONNECT USER SA
DISCONNECT
/*C363*/SET SCHEMA PUBLIC
CONNECT USER SA
/*C364*/SET SCHEMA PUBLIC
CONNECT USER SA
/*C365*/SET SCHEMA PUBLIC
CONNECT USER SA
DISCONNECT
/*C364*/DISCONNECT
/*C363*/DISCONNECT
/*C366*/SET SCHEMA PUBLIC
CONNECT USER SA
/*C367*/SET SCHEMA PUBLIC
CONNECT USER SA
/*C368*/SET SCHEMA PUBLIC
CONNECT USER SA
DISCONNECT
/*C367*/DISCONNECT
/*C366*/DISCONNECT
/*C369*/SET SCHEMA PUBLIC
CONNECT USER SA
/*C370*/SET SCHEMA PUBLIC
CONNECT USER SA
/*C371*/SET SCHEMA PUBLIC
CONNECT USER SA
DISCONNECT
/*C370*/DISCONNECT
/*C372*/SET SCHEMA PUBLIC
CONNECT USER SA
/*C373*/SET SCHEMA PUBLIC
CONNECT USER SA
DISCONNECT
/*C372*/DISCONNECT
/*C369*/DISCONNECT
/*C374*/SET SCHEMA PUBLIC
CONNECT USER SA
/*C375*/SET SCHEMA PUBLIC
CONNECT USER SA
/*C376*/SET SCHEMA PUBLIC
CONNECT USER SA
DISCONNECT
/*C375*/DISCONNECT
/*C377*/SET SCHEMA PUBLIC
CONNECT USER SA
/*C378*/SET SCHEMA PUBLIC
CONNECT USER SA
DISCONNECT
/*C377*/DISCONNECT
/*C374*/DISCONNECT
/*C379*/SET SCHEMA PUBLIC
CONNECT USER SA
/*C380*/SET SCHEMA PUBLIC
CONNECT USER SA
/*C381*/SET SCHEMA PUBLIC
CONNECT USER SA
DISCONNECT
/*C380*/DISCONNECT
/*C382*/SET SCHEMA PUBLIC
CONNECT USER SA
/*C383*/SET SCHEMA PUBLIC
CONNECT USER SA
DISCONNECT
/*C382*/DISCONNECT
/*C379*/DISCONNECT
/*C384*/SET SCHEMA PUBLIC
CONNECT USER SA
DISCONNECT
/*C385*/SET SCHEMA PUBLIC
CONNECT USER SA
/*C386*/SET SCHEMA PUBLIC
CONNECT USER SA
/*C387*/SET SCHEMA PUBLIC
CONNECT USER SA
DISCONNECT
/*C386*/DISCONNECT
/*C385*/DISCONNECT
/*C388*/SET SCHEMA PUBLIC
CONNECT USER SA
/*C389*/SET SCHEMA PUBLIC
CONNECT USER SA
/*C390*/SET SCHEMA PUBLIC
CONNECT USER SA
DISCONNECT
/*C389*/DISCONNECT
/*C388*/DISCONNECT
/*C391*/SET SCHEMA PUBLIC
CONNECT USER SA
/*C392*/SET SCHEMA PUBLIC
CONNECT USER SA
/*C393*/SET SCHEMA PUBLIC
CONNECT USER SA
DISCONNECT
/*C392*/DISCONNECT
/*C391*/DISCONNECT
/*C394*/SET SCHEMA PUBLIC
CONNECT USER SA
/*C395*/SET SCHEMA PUBLIC
CONNECT USER SA
/*C396*/SET SCHEMA PUBLIC
CONNECT USER SA
DISCONNECT
/*C395*/DISCONNECT
/*C394*/DISCONNECT
/*C397*/SET SCHEMA PUBLIC
CONNECT USER SA
DISCONNECT
/*C398*/SET SCHEMA PUBLIC
CONNECT USER SA
/*C399*/SET SCHEMA PUBLIC
CONNECT USER SA
/*C400*/SET SCHEMA PUBLIC
CONNECT USER SA
DISCONNECT
/*C399*/DISCONNECT
/*C398*/DISCONNECT
/*C401*/SET SCHEMA PUBLIC
CONNECT USER SA
DISCONNECT
/*C402*/SET SCHEMA PUBLIC
CONNECT USER SA
DISCONNECT
/*C403*/SET SCHEMA PUBLIC
CONNECT USER SA
DISCONNECT
/*C404*/SET SCHEMA PUBLIC
CONNECT USER SA
DISCONNECT
/*C405*/SET SCHEMA PUBLIC
CONNECT USER SA
DISCONNECT
/*C406*/SET SCHEMA PUBLIC
CONNECT USER SA
DISCONNECT
/*C407*/SET SCHEMA PUBLIC
CONNECT USER SA
DISCONNECT
/*C408*/SET SCHEMA PUBLIC
CONNECT USER SA
DISCONNECT
/*C409*/SET SCHEMA PUBLIC
CONNECT USER SA
DISCONNECT
/*C410*/SET SCHEMA PUBLIC
CONNECT USER SA
DISCONNECT
/*C411*/SET SCHEMA PUBLIC
CONNECT USER SA
DISCONNECT
/*C412*/SET SCHEMA PUBLIC
CONNECT USER SA
/*C413*/SET SCHEMA PUBLIC
CONNECT USER SA
/*C414*/SET SCHEMA PUBLIC
CONNECT USER SA
DISCONNECT
/*C413*/DISCONNECT
/*C412*/DISCONNECT
/*C415*/SET SCHEMA PUBLIC
CONNECT USER SA
DISCONNECT
/*C416*/SET SCHEMA PUBLIC
CONNECT USER SA
DISCONNECT
/*C417*/SET SCHEMA PUBLIC
CONNECT USER SA
/*C418*/SET SCHEMA PUBLIC
CONNECT USER SA
/*C419*/SET SCHEMA PUBLIC
CONNECT USER SA
DISCONNECT
/*C418*/DISCONNECT
/*C417*/DISCONNECT
/*C420*/SET SCHEMA PUBLIC
CONNECT USER SA
DISCONNECT
/*C421*/SET SCHEMA PUBLIC
CONNECT USER SA
/*C422*/SET SCHEMA PUBLIC
CONNECT USER SA
/*C423*/SET SCHEMA PUBLIC
CONNECT USER SA
DISCONNECT
/*C422*/DISCONNECT
/*C421*/DISCONNECT
/*C424*/SET SCHEMA PUBLIC
CONNECT USER SA
/*C425*/SET SCHEMA PUBLIC
CONNECT USER SA
/*C426*/SET SCHEMA PUBLIC
CONNECT USER SA
DISCONNECT
/*C425*/DISCONNECT
/*C427*/SET SCHEMA PUBLIC
CONNECT USER SA
/*C428*/SET SCHEMA PUBLIC
CONNECT USER SA
DISCONNECT
/*C427*/DISCONNECT
/*C424*/DISCONNECT
/*C429*/SET SCHEMA PUBLIC
CONNECT USER SA
/*C430*/SET SCHEMA PUBLIC
CONNECT USER SA
/*C431*/SET SCHEMA PUBLIC
CONNECT USER SA
DISCONNECT
/*C430*/DISCONNECT
/*C429*/DISCONNECT
/*C432*/SET SCHEMA PUBLIC
CONNECT USER SA
/*C433*/SET SCHEMA PUBLIC
CONNECT USER SA
/*C434*/SET SCHEMA PUBLIC
CONNECT USER SA
DISCONNECT
/*C433*/DISCONNECT
/*C432*/DISCONNECT
/*C435*/SET SCHEMA PUBLIC
CONNECT USER SA
DISCONNECT
/*C436*/SET SCHEMA PUBLIC
CONNECT USER SA
DISCONNECT
/*C437*/SET SCHEMA PUBLIC
CONNECT USER SA
DISCONNECT
/*C438*/SET SCHEMA PUBLIC
CONNECT USER SA
DISCONNECT
/*C439*/SET SCHEMA PUBLIC
CONNECT USER SA
DISCONNECT
/*C440*/SET SCHEMA PUBLIC
CONNECT USER SA
/*C441*/SET SCHEMA PUBLIC
CONNECT USER SA
/*C442*/SET SCHEMA PUBLIC
CONNECT USER SA
DISCONNECT
/*C441*/DISCONNECT
/*C440*/DISCONNECT
/*C443*/SET SCHEMA PUBLIC
CONNECT USER SA
DISCONNECT
/*C444*/SET SCHEMA PUBLIC
CONNECT USER SA
/*C445*/SET SCHEMA PUBLIC
CONNECT USER SA
/*C446*/SET SCHEMA PUBLIC
CONNECT USER SA
DISCONNECT
/*C445*/DISCONNECT
/*C444*/DISCONNECT
/*C447*/SET SCHEMA PUBLIC
CONNECT USER SA
/*C448*/SET SCHEMA PUBLIC
CONNECT USER SA
/*C449*/SET SCHEMA PUBLIC
CONNECT USER SA
DISCONNECT
/*C448*/DISCONNECT
/*C447*/DISCONNECT
/*C450*/SET SCHEMA PUBLIC
CONNECT USER SA
/*C451*/SET SCHEMA PUBLIC
CONNECT USER SA
/*C452*/SET SCHEMA PUBLIC
CONNECT USER SA
DISCONNECT
/*C451*/DISCONNECT
/*C450*/DISCONNECT
/*C453*/SET SCHEMA PUBLIC
CONNECT USER SA
/*C454*/SET SCHEMA PUBLIC
CONNECT USER SA
DISCONNECT
/*C455*/SET SCHEMA PUBLIC
CONNECT USER SA
DISCONNECT
/*C453*/DISCONNECT
/*C456*/SET SCHEMA PUBLIC
CONNECT USER SA
/*C457*/SET SCHEMA PUBLIC
CONNECT USER SA
DISCONNECT
/*C456*/DISCONNECT
/*C458*/SET SCHEMA PUBLIC
CONNECT USER SA
DISCONNECT
/*C459*/SET SCHEMA PUBLIC
CONNECT USER SA
/*C460*/SET SCHEMA PUBLIC
CONNECT USER SA
/*C461*/SET SCHEMA PUBLIC
CONNECT USER SA
DISCONNECT
/*C460*/DISCONNECT
/*C459*/SET AUTOCOMMIT FALSE
DELETE FROM CLIENTES WHERE CODIGO=1 AND NOME='Cliente 1' AND TELEFONE='123456' AND EMAIL='cliente1@email.com.br' AND ENDERECO='Rua Abcdef' AND SITUACAO IS NULL AND PLANO=2 AND DATACADASTRO='2014-06-15'
INSERT INTO CLIENTES VALUES(1,'Cliente de teste 1','123456','cliente1@email.com.br','Rua Abcdef',NULL,2,'2014-06-15')
SET AUTOCOMMIT TRUE
DISCONNECT
/*C462*/SET SCHEMA PUBLIC
CONNECT USER SA
/*C463*/SET SCHEMA PUBLIC
CONNECT USER SA
DISCONNECT
/*C464*/SET SCHEMA PUBLIC
CONNECT USER SA
DISCONNECT
/*C462*/DISCONNECT
/*C465*/SET SCHEMA PUBLIC
CONNECT USER SA
DISCONNECT
/*C466*/SET SCHEMA PUBLIC
CONNECT USER SA
/*C467*/SET SCHEMA PUBLIC
CONNECT USER SA
/*C468*/SET SCHEMA PUBLIC
CONNECT USER SA
DISCONNECT
/*C467*/DISCONNECT
/*C466*/DISCONNECT
/*C469*/SET SCHEMA PUBLIC
CONNECT USER SA
/*C470*/SET SCHEMA PUBLIC
CONNECT USER SA
/*C471*/SET SCHEMA PUBLIC
CONNECT USER SA
DISCONNECT
/*C470*/DISCONNECT
/*C469*/DISCONNECT
/*C472*/SET SCHEMA PUBLIC
CONNECT USER SA
DISCONNECT
/*C473*/SET SCHEMA PUBLIC
CONNECT USER SA
/*C474*/SET SCHEMA PUBLIC
CONNECT USER SA
/*C475*/SET SCHEMA PUBLIC
CONNECT USER SA
DISCONNECT
/*C474*/DISCONNECT
/*C473*/DISCONNECT
/*C476*/SET SCHEMA PUBLIC
CONNECT USER SA
DISCONNECT
/*C477*/SET SCHEMA PUBLIC
CONNECT USER SA
/*C478*/SET SCHEMA PUBLIC
CONNECT USER SA
/*C479*/SET SCHEMA PUBLIC
CONNECT USER SA
DISCONNECT
/*C478*/DISCONNECT
/*C477*/DISCONNECT
/*C480*/SET SCHEMA PUBLIC
CONNECT USER SA
DISCONNECT
/*C481*/SET SCHEMA PUBLIC
CONNECT USER SA
DISCONNECT
/*C482*/SET SCHEMA PUBLIC
CONNECT USER SA
DISCONNECT
/*C483*/SET SCHEMA PUBLIC
CONNECT USER SA
/*C484*/SET SCHEMA PUBLIC
CONNECT USER SA
/*C485*/SET SCHEMA PUBLIC
CONNECT USER SA
DISCONNECT
/*C484*/DISCONNECT
/*C483*/DISCONNECT
/*C486*/SET SCHEMA PUBLIC
CONNECT USER SA
DISCONNECT
/*C487*/SET SCHEMA PUBLIC
CONNECT USER SA
DISCONNECT
/*C488*/SET SCHEMA PUBLIC
CONNECT USER SA
DISCONNECT
/*C489*/SET SCHEMA PUBLIC
CONNECT USER SA
DISCONNECT
/*C490*/SET SCHEMA PUBLIC
CONNECT USER SA
DISCONNECT
/*C491*/SET SCHEMA PUBLIC
CONNECT USER SA
DISCONNECT
/*C492*/SET SCHEMA PUBLIC
CONNECT USER SA
DISCONNECT
/*C493*/SET SCHEMA PUBLIC
CONNECT USER SA
DISCONNECT
/*C494*/SET SCHEMA PUBLIC
CONNECT USER SA
DISCONNECT
/*C495*/SET SCHEMA PUBLIC
CONNECT USER SA
/*C496*/SET SCHEMA PUBLIC
CONNECT USER SA
/*C497*/SET SCHEMA PUBLIC
CONNECT USER SA
DISCONNECT
/*C496*/DISCONNECT
/*C495*/DISCONNECT
/*C498*/SET SCHEMA PUBLIC
CONNECT USER SA
DISCONNECT
/*C499*/SET SCHEMA PUBLIC
CONNECT USER SA
/*C500*/SET SCHEMA PUBLIC
CONNECT USER SA
/*C501*/SET SCHEMA PUBLIC
CONNECT USER SA
DISCONNECT
/*C500*/DISCONNECT
/*C499*/DISCONNECT
/*C502*/SET SCHEMA PUBLIC
CONNECT USER SA
DISCONNECT
/*C503*/SET SCHEMA PUBLIC
CONNECT USER SA
DISCONNECT
/*C504*/SET SCHEMA PUBLIC
CONNECT USER SA
/*C505*/SET SCHEMA PUBLIC
CONNECT USER SA
/*C506*/SET SCHEMA PUBLIC
CONNECT USER SA
DISCONNECT
/*C505*/DISCONNECT
/*C504*/DISCONNECT
/*C507*/SET SCHEMA PUBLIC
CONNECT USER SA
/*C508*/SET SCHEMA PUBLIC
CONNECT USER SA
DISCONNECT
/*C509*/SET SCHEMA PUBLIC
CONNECT USER SA
DISCONNECT
/*C507*/DISCONNECT
/*C510*/SET SCHEMA PUBLIC
CONNECT USER SA
DISCONNECT
/*C511*/SET SCHEMA PUBLIC
CONNECT USER SA
/*C512*/SET SCHEMA PUBLIC
CONNECT USER SA
DISCONNECT
/*C513*/SET SCHEMA PUBLIC
CONNECT USER SA
DISCONNECT
/*C511*/DISCONNECT
/*C514*/SET SCHEMA PUBLIC
CONNECT USER SA
/*C515*/SET SCHEMA PUBLIC
CONNECT USER SA
DISCONNECT
/*C516*/SET SCHEMA PUBLIC
CONNECT USER SA
DISCONNECT
/*C514*/DISCONNECT
/*C517*/SET SCHEMA PUBLIC
CONNECT USER SA
DISCONNECT
/*C518*/SET SCHEMA PUBLIC
CONNECT USER SA
DISCONNECT
/*C519*/SET SCHEMA PUBLIC
CONNECT USER SA
/*C520*/SET SCHEMA PUBLIC
CONNECT USER SA
/*C521*/SET SCHEMA PUBLIC
CONNECT USER SA
DISCONNECT
/*C520*/DISCONNECT
/*C519*/DISCONNECT
/*C522*/SET SCHEMA PUBLIC
CONNECT USER SA
/*C523*/SET SCHEMA PUBLIC
CONNECT USER SA
/*C524*/SET SCHEMA PUBLIC
CONNECT USER SA
DISCONNECT
/*C523*/DISCONNECT
/*C522*/DISCONNECT
/*C525*/SET SCHEMA PUBLIC
CONNECT USER SA
/*C526*/SET SCHEMA PUBLIC
CONNECT USER SA
/*C527*/SET SCHEMA PUBLIC
CONNECT USER SA
DISCONNECT
/*C526*/DISCONNECT
/*C525*/DISCONNECT
/*C528*/SET SCHEMA PUBLIC
CONNECT USER SA
DISCONNECT
/*C529*/SET SCHEMA PUBLIC
CONNECT USER SA
DISCONNECT
